ISim log file
Running: /home/main/git/FPGA-SHA1/SHA1/sha1_tb_isim_beh.exe -intstyle ise -gui -tclbatch isim.cmd -wdb /home/main/git/FPGA-SHA1/SHA1/sha1_tb_isim_beh.wdb 
ISim P.68d (signature 0xfbc00daa)
WARNING: A WEBPACK license was found.
WARNING: Please use Xilinx License Configuration Manager to check out a full ISim license.
WARNING: ISim will run in Lite mode. Please refer to the ISim documentation for more information on the differences between the Lite and the Full version.
This is a Lite version of ISim.
Time resolution is 1 ps
# onerror resume
# wave add /
# run 1000 ns
Simulator is doing circuit initialization process.
Finished circuit initialization process.
# show value a
0100000100100000010101000110010101110011011101001000000000000000... 
# dump
    Constant: {h0[31:0]} : 01100111010001010010001100000001
    Constant: {h1[31:0]} : 11101111110011011010101110001001
    Constant: {h2[31:0]} : 10011000101110101101110011111110
    Constant: {h3[31:0]} : 00010000001100100101010001110110
    Constant: {h4[31:0]} : 11000011110100101110000111110000
    Constant: {text[47:0]} : 010000010010000001010100011001010111001101110100
    Port(IN): {clk} : 0
    Port(IN): {rst} : 0
    Port(OUT): {leds[7:0]} : UUUUUUUU
    Signal: {a[511:0]} : 0100000100100000010101000110010101110011011101001000000000000000... 
    Signal: {state} : done 


# dump
    Constant: {h0[31:0]} : 01100111010001010010001100000001
    Constant: {h1[31:0]} : 11101111110011011010101110001001
    Constant: {h2[31:0]} : 10011000101110101101110011111110
    Constant: {h3[31:0]} : 00010000001100100101010001110110
    Constant: {h4[31:0]} : 11000011110100101110000111110000
    Constant: {text[47:0]} : 010000010010000001010100011001010111001101110100
    Port(IN): {clk} : 0
    Port(IN): {rst} : 0
    Port(OUT): {leds[7:0]} : UUUUUUUU
    Signal: {a[511:0]} : 0100000100100000010101000110010101110011011101001000000000000000... 
    Signal: {state} : done 


ISim P.68d (signature 0xfbc00daa)
WARNING: A WEBPACK license was found.
WARNING: Please use Xilinx License Configuration Manager to check out a full ISim license.
WARNING: ISim will run in Lite mode. Please refer to the ISim documentation for more information on the differences between the Lite and the Full version.
This is a Lite version of ISim.
# run 1000 ns
Simulator is doing circuit initialization process.
Finished circuit initialization process.
ISim P.68d (signature 0xfbc00daa)
WARNING: A WEBPACK license was found.
WARNING: Please use Xilinx License Configuration Manager to check out a full ISim license.
WARNING: ISim will run in Lite mode. Please refer to the ISim documentation for more information on the differences between the Lite and the Full version.
This is a Lite version of ISim.
# run 1000 ns
Simulator is doing circuit initialization process.
Finished circuit initialization process.
ISim P.68d (signature 0xfbc00daa)
WARNING: A WEBPACK license was found.
WARNING: Please use Xilinx License Configuration Manager to check out a full ISim license.
WARNING: ISim will run in Lite mode. Please refer to the ISim documentation for more information on the differences between the Lite and the Full version.
This is a Lite version of ISim.
# run 1000 ns
Simulator is doing circuit initialization process.
Finished circuit initialization process.
ISim P.68d (signature 0xfbc00daa)
WARNING: A WEBPACK license was found.
WARNING: Please use Xilinx License Configuration Manager to check out a full ISim license.
WARNING: ISim will run in Lite mode. Please refer to the ISim documentation for more information on the differences between the Lite and the Full version.
This is a Lite version of ISim.
# run 1000 ns
Simulator is doing circuit initialization process.
Finished circuit initialization process.
ISim P.68d (signature 0xfbc00daa)
WARNING: A WEBPACK license was found.
WARNING: Please use Xilinx License Configuration Manager to check out a full ISim license.
WARNING: ISim will run in Lite mode. Please refer to the ISim documentation for more information on the differences between the Lite and the Full version.
This is a Lite version of ISim.
# run 1000 ns
Simulator is doing circuit initialization process.
Finished circuit initialization process.
ISim P.68d (signature 0xfbc00daa)
WARNING: A WEBPACK license was found.
WARNING: Please use Xilinx License Configuration Manager to check out a full ISim license.
WARNING: ISim will run in Lite mode. Please refer to the ISim documentation for more information on the differences between the Lite and the Full version.
This is a Lite version of ISim.
# run 1000 ns
Simulator is doing circuit initialization process.
Finished circuit initialization process.
ISim P.68d (signature 0xfbc00daa)
WARNING: A WEBPACK license was found.
WARNING: Please use Xilinx License Configuration Manager to check out a full ISim license.
WARNING: ISim will run in Lite mode. Please refer to the ISim documentation for more information on the differences between the Lite and the Full version.
This is a Lite version of ISim.
# run 1000 ns
Simulator is doing circuit initialization process.
Finished circuit initialization process.
ISim P.68d (signature 0xfbc00daa)
WARNING: A WEBPACK license was found.
WARNING: Please use Xilinx License Configuration Manager to check out a full ISim license.
WARNING: ISim will run in Lite mode. Please refer to the ISim documentation for more information on the differences between the Lite and the Full version.
This is a Lite version of ISim.
# run 1000 ns
Simulator is doing circuit initialization process.
Finished circuit initialization process.
ISim P.68d (signature 0xfbc00daa)
WARNING: A WEBPACK license was found.
WARNING: Please use Xilinx License Configuration Manager to check out a full ISim license.
WARNING: ISim will run in Lite mode. Please refer to the ISim documentation for more information on the differences between the Lite and the Full version.
This is a Lite version of ISim.
# run 1000 ns
Simulator is doing circuit initialization process.
Finished circuit initialization process.
ISim P.68d (signature 0xfbc00daa)
WARNING: A WEBPACK license was found.
WARNING: Please use Xilinx License Configuration Manager to check out a full ISim license.
WARNING: ISim will run in Lite mode. Please refer to the ISim documentation for more information on the differences between the Lite and the Full version.
This is a Lite version of ISim.
# run 1000 ns
Simulator is doing circuit initialization process.
Finished circuit initialization process.
ISim P.68d (signature 0xfbc00daa)
WARNING: A WEBPACK license was found.
WARNING: Please use Xilinx License Configuration Manager to check out a full ISim license.
WARNING: ISim will run in Lite mode. Please refer to the ISim documentation for more information on the differences between the Lite and the Full version.
This is a Lite version of ISim.
# run 1000 ns
Simulator is doing circuit initialization process.
Finished circuit initialization process.
ISim P.68d (signature 0xfbc00daa)
WARNING: A WEBPACK license was found.
WARNING: Please use Xilinx License Configuration Manager to check out a full ISim license.
WARNING: ISim will run in Lite mode. Please refer to the ISim documentation for more information on the differences between the Lite and the Full version.
This is a Lite version of ISim.
# run 1000 ns
Simulator is doing circuit initialization process.
Finished circuit initialization process.
# run 1.00us
ISim P.68d (signature 0xfbc00daa)
WARNING: A WEBPACK license was found.
WARNING: Please use Xilinx License Configuration Manager to check out a full ISim license.
WARNING: ISim will run in Lite mode. Please refer to the ISim documentation for more information on the differences between the Lite and the Full version.
This is a Lite version of ISim.
# run 1000 ns
Simulator is doing circuit initialization process.
Finished circuit initialization process.
# run 1.00us
# run 1.00us
# run 1.00us
# run 1.00us
ISim P.68d (signature 0xfbc00daa)
WARNING: A WEBPACK license was found.
WARNING: Please use Xilinx License Configuration Manager to check out a full ISim license.
WARNING: ISim will run in Lite mode. Please refer to the ISim documentation for more information on the differences between the Lite and the Full version.
This is a Lite version of ISim.
# run 1000 ns
Simulator is doing circuit initialization process.
Finished circuit initialization process.
# run 1.00us
# restart
# run 100.00ns
Simulator is doing circuit initialization process.
Finished circuit initialization process.
# run 10.00ns
# run 10.00ns
# run 10.00ns
# run 10.00ns
# run 10.00ns
# run 10.00ns
# run 10.00ns
# run 10.00ns
# run 10.00ns
# run 10.00ns
# run 10.00ns
# run 10.00ns
# run 10.00ns
# run 10.00ns
# run 10.00ns
# run 10.00ns
# run 10.00ns
# run 10.00ns
# run 10.00ns
# run 10.00ns
# run 10.00ns
# run 10.00ns
# run 10.00ns
# run 10.00ns
# run 10.00ns
# run 10.00ns
# run 10.00ns
# run 10.00ns
# run 10.00ns
# run 10.00ns
# run 10.00ns
# run 10.00ns
# run 10.00ns
# run 10.00ns
# run 10.00ns
# run 10.00ns
# run 10.00ns
# run 10.00ns
# run 10.00ns
# run 10.00ns
# run 10.00ns
# run 10.00ns
# run 10.00ns
# run 10.00ns
# run 10.00ns
# run 10.00ns
# run 10.00ns
# run 10.00ns
# run 10.00ns
# run 10.00ns
# run 10.00ns
# run 10.00ns
# run 10.00ns
# run 10.00ns
# run 10.00ns
# run 10.00ns
# run 10.00ns
# run 10.00ns
# run 10.00ns
# restart
# run 680.00ns
Simulator is doing circuit initialization process.
Finished circuit initialization process.
# run 5.00ns
# run 600.00ns
# run 10.00ns
# run 10.00ns
# run 10.00ns
# run 10.00ns
# run 10.00ns
# run 10.00ns
# run 10.00ns
# run 10.00ns
# run 10.00ns
# run 10.00ns
# run 10.00ns
# run 10.00ns
# run 10.00ns
# run 10.00ns
# run 10.00ns
# run 10.00ns
# run 10.00ns
# run 10.00ns
# run 10.00ns
# run 10.00ns
# run 10.00ns
# run 10.00ns
# run 10.00ns
# run 10.00ns
# run 10.00ns
# run 10.00ns
# run 10.00ns
# run 10.00ns
# run 10.00ns
# run 10.00ns
# run 10.00ns
# run 10.00ns
# run 10.00ns
# run 10.00ns
# run 10.00ns
# run 10.00ns
# run 10.00ns
# run 10.00ns
# run 10.00ns
# run 10.00ns
# run 10.00ns
# run 10.00ns
# run 10.00ns
# run 10.00ns
# run 10.00ns
# restart
# run 680.00ns
Simulator is doing circuit initialization process.
Finished circuit initialization process.
# run 600.00ns
# run 10.00ns
# run 10.00ns
# run 10.00ns
# run 10.00ns
# run 10.00ns
# run 10.00ns
# run 10.00ns
# run 10.00ns
# run 10.00ns
# run 10.00ns
# run 10.00ns
# run 10.00ns
# run 10.00ns
# run 10.00ns
# run 10.00ns
# run 10.00ns
# run 10.00ns
# run 10.00ns
# run 10.00ns
# run 10.00ns
# run 10.00ns
ISim P.68d (signature 0xfbc00daa)
WARNING: A WEBPACK license was found.
WARNING: Please use Xilinx License Configuration Manager to check out a full ISim license.
WARNING: ISim will run in Lite mode. Please refer to the ISim documentation for more information on the differences between the Lite and the Full version.
This is a Lite version of ISim.
# run 1000 ns
Simulator is doing circuit initialization process.
Finished circuit initialization process.
# run 1.00us
ISim P.68d (signature 0xfbc00daa)
WARNING: A WEBPACK license was found.
WARNING: Please use Xilinx License Configuration Manager to check out a full ISim license.
WARNING: ISim will run in Lite mode. Please refer to the ISim documentation for more information on the differences between the Lite and the Full version.
This is a Lite version of ISim.
# run 1000 ns
Simulator is doing circuit initialization process.
Finished circuit initialization process.
# run 1.00us
